[2025-07-31T23:49:52.294+0000] {manager.py:487} INFO - Processing files using up to 2 processes at a time 
[2025-07-31T23:49:52.294+0000] {manager.py:488} INFO - Process each file at most once every 30 seconds
[2025-07-31T23:49:52.294+0000] {manager.py:489} INFO - Checking for new files in /opt/airflow/dags every 300 seconds
[2025-07-31T23:49:52.294+0000] {manager.py:759} INFO - Searching for files in /opt/airflow/dags
[2025-07-31T23:49:52.295+0000] {manager.py:762} INFO - There are 0 files in /opt/airflow/dags
[2025-07-31T23:54:52.940+0000] {manager.py:759} INFO - Searching for files in /opt/airflow/dags
[2025-07-31T23:54:52.946+0000] {manager.py:762} INFO - There are 0 files in /opt/airflow/dags
[2025-07-31T23:59:53.049+0000] {manager.py:759} INFO - Searching for files in /opt/airflow/dags
[2025-07-31T23:59:53.054+0000] {manager.py:762} INFO - There are 0 files in /opt/airflow/dags
[2025-08-01T00:04:53.292+0000] {manager.py:759} INFO - Searching for files in /opt/airflow/dags
[2025-08-01T00:04:53.299+0000] {manager.py:762} INFO - There are 0 files in /opt/airflow/dags
[2025-08-01T00:12:05.890+0000] {manager.py:487} INFO - Processing files using up to 2 processes at a time 
[2025-08-01T00:12:05.892+0000] {manager.py:488} INFO - Process each file at most once every 30 seconds
[2025-08-01T00:12:05.892+0000] {manager.py:489} INFO - Checking for new files in /opt/airflow/dags every 300 seconds
[2025-08-01T00:12:05.893+0000] {manager.py:759} INFO - Searching for files in /opt/airflow/dags
[2025-08-01T00:12:05.896+0000] {manager.py:762} INFO - There are 0 files in /opt/airflow/dags
[2025-08-01T00:17:05.968+0000] {manager.py:759} INFO - Searching for files in /opt/airflow/dags
[2025-08-01T00:17:05.979+0000] {manager.py:762} INFO - There are 0 files in /opt/airflow/dags
[2025-08-01T00:22:06.406+0000] {manager.py:759} INFO - Searching for files in /opt/airflow/dags
[2025-08-01T00:22:06.413+0000] {manager.py:762} INFO - There are 0 files in /opt/airflow/dags
[2025-08-01T00:27:07.347+0000] {manager.py:759} INFO - Searching for files in /opt/airflow/dags
[2025-08-01T00:27:07.355+0000] {manager.py:762} INFO - There are 0 files in /opt/airflow/dags
[2025-08-01T00:32:07.787+0000] {manager.py:759} INFO - Searching for files in /opt/airflow/dags
[2025-08-01T00:32:07.795+0000] {manager.py:762} INFO - There are 0 files in /opt/airflow/dags
[2025-08-01T00:37:08.224+0000] {manager.py:759} INFO - Searching for files in /opt/airflow/dags
[2025-08-01T00:37:08.232+0000] {manager.py:762} INFO - There are 0 files in /opt/airflow/dags
[2025-08-01T00:42:08.370+0000] {manager.py:759} INFO - Searching for files in /opt/airflow/dags
[2025-08-01T00:42:08.375+0000] {manager.py:762} INFO - There are 0 files in /opt/airflow/dags
[2025-08-01T00:47:09.351+0000] {manager.py:759} INFO - Searching for files in /opt/airflow/dags
[2025-08-01T00:47:09.355+0000] {manager.py:762} INFO - There are 0 files in /opt/airflow/dags
[2025-08-01T00:52:09.656+0000] {manager.py:759} INFO - Searching for files in /opt/airflow/dags
[2025-08-01T00:52:09.664+0000] {manager.py:762} INFO - There are 0 files in /opt/airflow/dags
[2025-08-01T01:08:28.930+0000] {manager.py:759} INFO - Searching for files in /opt/airflow/dags
[2025-08-01T01:08:28.936+0000] {manager.py:762} INFO - There are 0 files in /opt/airflow/dags
[2025-08-01T01:13:29.046+0000] {manager.py:759} INFO - Searching for files in /opt/airflow/dags
[2025-08-01T01:13:29.055+0000] {manager.py:762} INFO - There are 0 files in /opt/airflow/dags
[2025-08-01T01:20:49.218+0000] {manager.py:759} INFO - Searching for files in /opt/airflow/dags
[2025-08-01T01:20:49.221+0000] {manager.py:762} INFO - There are 0 files in /opt/airflow/dags
[2025-08-01T01:47:03.276+0000] {manager.py:759} INFO - Searching for files in /opt/airflow/dags
[2025-08-01T01:47:03.279+0000] {manager.py:762} INFO - There are 0 files in /opt/airflow/dags
[2025-08-01T02:37:21.841+0000] {manager.py:759} INFO - Searching for files in /opt/airflow/dags
[2025-08-01T02:37:21.844+0000] {manager.py:762} INFO - There are 0 files in /opt/airflow/dags
[2025-08-01T02:47:42.959+0000] {manager.py:759} INFO - Searching for files in /opt/airflow/dags
[2025-08-01T02:47:42.964+0000] {manager.py:762} INFO - There are 0 files in /opt/airflow/dags
[2025-08-01T03:11:42.854+0000] {manager.py:759} INFO - Searching for files in /opt/airflow/dags
[2025-08-01T03:11:42.859+0000] {manager.py:762} INFO - There are 0 files in /opt/airflow/dags
[2025-08-01T03:48:23.912+0000] {manager.py:759} INFO - Searching for files in /opt/airflow/dags
[2025-08-01T03:48:23.914+0000] {manager.py:762} INFO - There are 0 files in /opt/airflow/dags
[2025-08-01T04:18:43.329+0000] {manager.py:759} INFO - Searching for files in /opt/airflow/dags
[2025-08-01T04:18:43.349+0000] {manager.py:762} INFO - There are 0 files in /opt/airflow/dags
[2025-08-01T04:57:21.910+0000] {manager.py:759} INFO - Searching for files in /opt/airflow/dags
[2025-08-01T04:57:21.913+0000] {manager.py:762} INFO - There are 0 files in /opt/airflow/dags
[2025-08-01T05:50:28.294+0000] {manager.py:759} INFO - Searching for files in /opt/airflow/dags
[2025-08-01T05:50:28.305+0000] {manager.py:762} INFO - There are 0 files in /opt/airflow/dags
[2025-08-01T06:41:52.556+0000] {manager.py:759} INFO - Searching for files in /opt/airflow/dags
[2025-08-01T06:41:52.566+0000] {manager.py:762} INFO - There are 0 files in /opt/airflow/dags
[2025-08-01T08:21:08.151+0000] {manager.py:759} INFO - Searching for files in /opt/airflow/dags
[2025-08-01T08:21:08.156+0000] {manager.py:762} INFO - There are 0 files in /opt/airflow/dags
[2025-08-01T09:07:01.389+0000] {manager.py:759} INFO - Searching for files in /opt/airflow/dags
[2025-08-01T09:07:01.395+0000] {manager.py:762} INFO - There are 0 files in /opt/airflow/dags
[2025-08-01T10:45:16.665+0000] {manager.py:759} INFO - Searching for files in /opt/airflow/dags
[2025-08-01T10:45:16.668+0000] {manager.py:762} INFO - There are 0 files in /opt/airflow/dags
[2025-08-01T11:17:27.574+0000] {manager.py:759} INFO - Searching for files in /opt/airflow/dags
[2025-08-01T11:17:27.578+0000] {manager.py:762} INFO - There are 0 files in /opt/airflow/dags
[2025-08-01T12:44:29.132+0000] {manager.py:759} INFO - Searching for files in /opt/airflow/dags
[2025-08-01T12:44:29.136+0000] {manager.py:762} INFO - There are 0 files in /opt/airflow/dags
[2025-08-01T13:49:41.845+0000] {manager.py:759} INFO - Searching for files in /opt/airflow/dags
[2025-08-01T13:49:41.871+0000] {manager.py:762} INFO - There are 0 files in /opt/airflow/dags
[2025-08-01T14:45:36.580+0000] {manager.py:759} INFO - Searching for files in /opt/airflow/dags
[2025-08-01T14:45:36.587+0000] {manager.py:762} INFO - There are 0 files in /opt/airflow/dags
[2025-08-01T15:18:32.519+0000] {manager.py:759} INFO - Searching for files in /opt/airflow/dags
[2025-08-01T15:18:32.525+0000] {manager.py:762} INFO - There are 0 files in /opt/airflow/dags
[2025-08-01T15:42:36.130+0000] {manager.py:759} INFO - Searching for files in /opt/airflow/dags
[2025-08-01T15:42:36.145+0000] {manager.py:762} INFO - There are 0 files in /opt/airflow/dags
[2025-08-01T16:08:16.678+0000] {manager.py:759} INFO - Searching for files in /opt/airflow/dags
[2025-08-01T16:08:16.684+0000] {manager.py:762} INFO - There are 0 files in /opt/airflow/dags
[2025-08-01T16:28:34.462+0000] {manager.py:759} INFO - Searching for files in /opt/airflow/dags
[2025-08-01T16:28:34.469+0000] {manager.py:762} INFO - There are 0 files in /opt/airflow/dags
[2025-08-01T16:46:25.212+0000] {manager.py:759} INFO - Searching for files in /opt/airflow/dags
[2025-08-01T16:46:25.217+0000] {manager.py:762} INFO - There are 0 files in /opt/airflow/dags
[2025-08-01T17:15:37.130+0000] {manager.py:759} INFO - Searching for files in /opt/airflow/dags
[2025-08-01T17:15:37.142+0000] {manager.py:762} INFO - There are 0 files in /opt/airflow/dags
[2025-08-01T17:31:08.519+0000] {manager.py:759} INFO - Searching for files in /opt/airflow/dags
[2025-08-01T17:31:08.526+0000] {manager.py:762} INFO - There are 0 files in /opt/airflow/dags
[2025-08-01T18:37:05.066+0000] {manager.py:759} INFO - Searching for files in /opt/airflow/dags
[2025-08-01T18:37:05.079+0000] {manager.py:762} INFO - There are 0 files in /opt/airflow/dags
[2025-08-01T19:06:35.285+0000] {manager.py:759} INFO - Searching for files in /opt/airflow/dags
[2025-08-01T19:06:35.297+0000] {manager.py:762} INFO - There are 0 files in /opt/airflow/dags
[2025-08-01T19:43:49.557+0000] {manager.py:759} INFO - Searching for files in /opt/airflow/dags
[2025-08-01T19:43:49.570+0000] {manager.py:762} INFO - There are 0 files in /opt/airflow/dags
[2025-08-01T20:05:31.997+0000] {manager.py:759} INFO - Searching for files in /opt/airflow/dags
[2025-08-01T20:05:32.003+0000] {manager.py:762} INFO - There are 0 files in /opt/airflow/dags
[2025-08-01T20:51:35.317+0000] {manager.py:759} INFO - Searching for files in /opt/airflow/dags
[2025-08-01T20:51:35.324+0000] {manager.py:762} INFO - There are 0 files in /opt/airflow/dags
[2025-08-01T22:10:04.642+0000] {manager.py:759} INFO - Searching for files in /opt/airflow/dags
[2025-08-01T22:10:04.644+0000] {manager.py:762} INFO - There are 0 files in /opt/airflow/dags
[2025-08-01T22:53:37.724+0000] {manager.py:759} INFO - Searching for files in /opt/airflow/dags
[2025-08-01T22:53:37.727+0000] {manager.py:762} INFO - There are 0 files in /opt/airflow/dags
[2025-08-02T00:10:37.184+0000] {manager.py:759} INFO - Searching for files in /opt/airflow/dags
[2025-08-02T00:10:37.196+0000] {manager.py:762} INFO - There are 0 files in /opt/airflow/dags
[2025-08-02T00:55:32.826+0000] {manager.py:759} INFO - Searching for files in /opt/airflow/dags
[2025-08-02T00:55:32.829+0000] {manager.py:762} INFO - There are 0 files in /opt/airflow/dags
[2025-08-02T01:29:57.270+0000] {manager.py:759} INFO - Searching for files in /opt/airflow/dags
[2025-08-02T01:29:57.278+0000] {manager.py:762} INFO - There are 0 files in /opt/airflow/dags
[2025-08-02T02:03:17.273+0000] {manager.py:759} INFO - Searching for files in /opt/airflow/dags
[2025-08-02T02:03:17.278+0000] {manager.py:762} INFO - There are 0 files in /opt/airflow/dags
[2025-08-02T02:56:31.860+0000] {manager.py:759} INFO - Searching for files in /opt/airflow/dags
[2025-08-02T02:56:31.869+0000] {manager.py:762} INFO - There are 0 files in /opt/airflow/dags
[2025-08-02T03:39:33.915+0000] {manager.py:759} INFO - Searching for files in /opt/airflow/dags
[2025-08-02T03:39:33.921+0000] {manager.py:762} INFO - There are 0 files in /opt/airflow/dags
[2025-08-02T03:57:32.504+0000] {manager.py:759} INFO - Searching for files in /opt/airflow/dags
[2025-08-02T03:57:32.508+0000] {manager.py:762} INFO - There are 0 files in /opt/airflow/dags
[2025-08-02T04:58:37.532+0000] {manager.py:759} INFO - Searching for files in /opt/airflow/dags
[2025-08-02T04:58:37.539+0000] {manager.py:762} INFO - There are 0 files in /opt/airflow/dags
[2025-08-02T06:04:06.006+0000] {manager.py:759} INFO - Searching for files in /opt/airflow/dags
[2025-08-02T06:04:06.014+0000] {manager.py:762} INFO - There are 0 files in /opt/airflow/dags
[2025-08-02T07:42:54.478+0000] {manager.py:759} INFO - Searching for files in /opt/airflow/dags
[2025-08-02T07:42:54.495+0000] {manager.py:762} INFO - There are 0 files in /opt/airflow/dags
[2025-08-02T08:47:51.592+0000] {manager.py:759} INFO - Searching for files in /opt/airflow/dags
[2025-08-02T08:47:51.596+0000] {manager.py:762} INFO - There are 0 files in /opt/airflow/dags
[2025-08-02T10:01:33.705+0000] {manager.py:759} INFO - Searching for files in /opt/airflow/dags
[2025-08-02T10:01:33.714+0000] {manager.py:762} INFO - There are 0 files in /opt/airflow/dags
[2025-08-02T10:34:42.537+0000] {manager.py:759} INFO - Searching for files in /opt/airflow/dags
[2025-08-02T10:34:42.542+0000] {manager.py:762} INFO - There are 0 files in /opt/airflow/dags
[2025-08-02T11:26:14.669+0000] {manager.py:759} INFO - Searching for files in /opt/airflow/dags
[2025-08-02T11:26:14.672+0000] {manager.py:762} INFO - There are 0 files in /opt/airflow/dags
[2025-08-02T12:38:12.243+0000] {manager.py:759} INFO - Searching for files in /opt/airflow/dags
[2025-08-02T12:38:12.254+0000] {manager.py:762} INFO - There are 0 files in /opt/airflow/dags
[2025-08-02T12:46:19.543+0000] {manager.py:759} INFO - Searching for files in /opt/airflow/dags
[2025-08-02T12:46:19.550+0000] {manager.py:762} INFO - There are 0 files in /opt/airflow/dags
[2025-08-02T13:30:42.330+0000] {manager.py:759} INFO - Searching for files in /opt/airflow/dags
[2025-08-02T13:30:42.333+0000] {manager.py:762} INFO - There are 0 files in /opt/airflow/dags
[2025-08-02T13:58:56.397+0000] {manager.py:759} INFO - Searching for files in /opt/airflow/dags
[2025-08-02T13:58:56.404+0000] {manager.py:762} INFO - There are 0 files in /opt/airflow/dags
[2025-08-02T14:47:31.181+0000] {manager.py:759} INFO - Searching for files in /opt/airflow/dags
[2025-08-02T14:47:31.185+0000] {manager.py:762} INFO - There are 0 files in /opt/airflow/dags
[2025-08-02T15:48:21.656+0000] {manager.py:759} INFO - Searching for files in /opt/airflow/dags
[2025-08-02T15:48:21.673+0000] {manager.py:762} INFO - There are 0 files in /opt/airflow/dags
[2025-08-02T16:09:12.558+0000] {manager.py:759} INFO - Searching for files in /opt/airflow/dags
[2025-08-02T16:09:12.563+0000] {manager.py:762} INFO - There are 0 files in /opt/airflow/dags
[2025-08-02T16:19:42.705+0000] {manager.py:759} INFO - Searching for files in /opt/airflow/dags
[2025-08-02T16:19:42.713+0000] {manager.py:762} INFO - There are 0 files in /opt/airflow/dags
[2025-08-02T16:27:28.006+0000] {manager.py:759} INFO - Searching for files in /opt/airflow/dags
[2025-08-02T16:27:28.014+0000] {manager.py:762} INFO - There are 0 files in /opt/airflow/dags
[2025-08-02T16:33:40.109+0000] {manager.py:759} INFO - Searching for files in /opt/airflow/dags
[2025-08-02T16:33:40.115+0000] {manager.py:762} INFO - There are 0 files in /opt/airflow/dags
[2025-08-02T16:42:41.694+0000] {manager.py:759} INFO - Searching for files in /opt/airflow/dags
[2025-08-02T16:42:41.702+0000] {manager.py:762} INFO - There are 0 files in /opt/airflow/dags
[2025-08-02T16:47:50.753+0000] {manager.py:759} INFO - Searching for files in /opt/airflow/dags
[2025-08-02T16:47:50.760+0000] {manager.py:762} INFO - There are 0 files in /opt/airflow/dags
[2025-08-02T16:54:38.994+0000] {manager.py:759} INFO - Searching for files in /opt/airflow/dags
[2025-08-02T16:54:39.004+0000] {manager.py:762} INFO - There are 0 files in /opt/airflow/dags
[2025-08-02T16:59:39.812+0000] {manager.py:759} INFO - Searching for files in /opt/airflow/dags
[2025-08-02T16:59:39.819+0000] {manager.py:762} INFO - There are 0 files in /opt/airflow/dags
[2025-08-02T17:04:40.320+0000] {manager.py:759} INFO - Searching for files in /opt/airflow/dags
[2025-08-02T17:04:40.328+0000] {manager.py:762} INFO - There are 0 files in /opt/airflow/dags
[2025-08-02T17:11:07.795+0000] {manager.py:759} INFO - Searching for files in /opt/airflow/dags
[2025-08-02T17:11:07.799+0000] {manager.py:762} INFO - There are 0 files in /opt/airflow/dags
[2025-08-02T17:20:22.435+0000] {manager.py:759} INFO - Searching for files in /opt/airflow/dags
[2025-08-02T17:20:22.443+0000] {manager.py:762} INFO - There are 0 files in /opt/airflow/dags
[2025-08-02T17:25:23.074+0000] {manager.py:759} INFO - Searching for files in /opt/airflow/dags
[2025-08-02T17:25:23.081+0000] {manager.py:762} INFO - There are 0 files in /opt/airflow/dags
[2025-08-02T17:30:23.820+0000] {manager.py:759} INFO - Searching for files in /opt/airflow/dags
[2025-08-02T17:30:23.827+0000] {manager.py:762} INFO - There are 0 files in /opt/airflow/dags
[2025-08-02T17:35:24.655+0000] {manager.py:759} INFO - Searching for files in /opt/airflow/dags
[2025-08-02T17:35:24.660+0000] {manager.py:762} INFO - There are 0 files in /opt/airflow/dags
[2025-08-02T17:43:08.789+0000] {manager.py:759} INFO - Searching for files in /opt/airflow/dags
[2025-08-02T17:43:08.794+0000] {manager.py:762} INFO - There are 0 files in /opt/airflow/dags
[2025-08-02T17:48:08.813+0000] {manager.py:759} INFO - Searching for files in /opt/airflow/dags
[2025-08-02T17:48:08.820+0000] {manager.py:762} INFO - There are 0 files in /opt/airflow/dags
[2025-08-02T17:59:13.502+0000] {manager.py:759} INFO - Searching for files in /opt/airflow/dags
[2025-08-02T17:59:13.514+0000] {manager.py:762} INFO - There are 0 files in /opt/airflow/dags
[2025-08-02T18:10:10.929+0000] {manager.py:759} INFO - Searching for files in /opt/airflow/dags
[2025-08-02T18:10:10.936+0000] {manager.py:762} INFO - There are 0 files in /opt/airflow/dags
[2025-08-02T18:15:11.327+0000] {manager.py:759} INFO - Searching for files in /opt/airflow/dags
[2025-08-02T18:15:11.333+0000] {manager.py:762} INFO - There are 0 files in /opt/airflow/dags
[2025-08-02T18:20:11.327+0000] {manager.py:759} INFO - Searching for files in /opt/airflow/dags
[2025-08-02T18:20:11.332+0000] {manager.py:762} INFO - There are 0 files in /opt/airflow/dags
[2025-08-02T18:25:11.554+0000] {manager.py:759} INFO - Searching for files in /opt/airflow/dags
[2025-08-02T18:25:11.558+0000] {manager.py:762} INFO - There are 0 files in /opt/airflow/dags
[2025-08-02T18:36:52.607+0000] {manager.py:759} INFO - Searching for files in /opt/airflow/dags
[2025-08-02T18:36:52.616+0000] {manager.py:762} INFO - There are 0 files in /opt/airflow/dags
[2025-08-02T18:42:25.609+0000] {manager.py:759} INFO - Searching for files in /opt/airflow/dags
[2025-08-02T18:42:25.615+0000] {manager.py:762} INFO - There are 0 files in /opt/airflow/dags
[2025-08-02T18:50:45.589+0000] {manager.py:759} INFO - Searching for files in /opt/airflow/dags
[2025-08-02T18:50:45.596+0000] {manager.py:762} INFO - There are 0 files in /opt/airflow/dags
[2025-08-02T18:56:22.273+0000] {manager.py:759} INFO - Searching for files in /opt/airflow/dags
[2025-08-02T18:56:22.280+0000] {manager.py:762} INFO - There are 0 files in /opt/airflow/dags
[2025-08-02T19:02:20.729+0000] {manager.py:759} INFO - Searching for files in /opt/airflow/dags
[2025-08-02T19:02:20.734+0000] {manager.py:762} INFO - There are 0 files in /opt/airflow/dags
[2025-08-02T19:07:21.433+0000] {manager.py:759} INFO - Searching for files in /opt/airflow/dags
[2025-08-02T19:07:21.441+0000] {manager.py:762} INFO - There are 0 files in /opt/airflow/dags
[2025-08-02T19:12:22.076+0000] {manager.py:759} INFO - Searching for files in /opt/airflow/dags
[2025-08-02T19:12:22.084+0000] {manager.py:762} INFO - There are 0 files in /opt/airflow/dags
[2025-08-02T19:17:22.828+0000] {manager.py:759} INFO - Searching for files in /opt/airflow/dags
[2025-08-02T19:17:22.834+0000] {manager.py:762} INFO - There are 0 files in /opt/airflow/dags
[2025-08-02T19:22:23.177+0000] {manager.py:759} INFO - Searching for files in /opt/airflow/dags
[2025-08-02T19:22:23.183+0000] {manager.py:762} INFO - There are 0 files in /opt/airflow/dags
[2025-08-02T19:27:23.209+0000] {manager.py:759} INFO - Searching for files in /opt/airflow/dags
[2025-08-02T19:27:23.214+0000] {manager.py:762} INFO - There are 0 files in /opt/airflow/dags
[2025-08-02T19:32:24.185+0000] {manager.py:759} INFO - Searching for files in /opt/airflow/dags
[2025-08-02T19:32:24.192+0000] {manager.py:762} INFO - There are 0 files in /opt/airflow/dags
